#
# A fatal error has been detected by the Java Runtime Environment:
#
#  EXCEPTION_ACCESS_VIOLATION (0xc0000005) at pc=0x00000000577b3b15, pid=7244, tid=0x00000000000005ec
#
# JRE version: Java(TM) SE Runtime Environment (8.0_111-b14) (build 1.8.0_111-b14)
# Java VM: Java HotSpot(TM) 64-Bit Server VM (25.111-b14 mixed mode windows-amd64 compressed oops)
# Problematic frame:
# V  [jvm.dll+0x103b15]
#
# Failed to write core dump. Minidumps are not enabled by default on client versions of Windows
#
# If you would like to submit a bug report, please visit:
#   http://bugreport.java.com/bugreport/crash.jsp
#

---------------  T H R E A D  ---------------

Current thread (0x000000000215f800):  GCTaskThread [stack: 0x0000000012030000,0x0000000012130000] [id=1516]

siginfo: ExceptionCode=0xc0000005, reading address 0x000000001661a288

Registers:
RAX=0x0000000013ea0000, RBX=0x0000000057eca6c0, RCX=0x0000000000000038, RDX=0x0000000013bd1478
RSP=0x000000001212f850, RBP=0x00000000e61da4f4, RSI=0x000000000af95fd9, RDI=0x0000000000000001
R8 =0x00000000004ef451, R9 =0x000000000af95fd9, R10=0x000000000000000c, R11=0x0000080020240801
R12=0x00000000e61da4f8, R13=0x00000000159a1938, R14=0x00000000159a1940, R15=0x00000000e61da4e8
RIP=0x00000000577b3b15, EFLAGS=0x0000000000010202

Top of Stack: (sp=0x000000001212f850)
0x000000001212f850:   0000000057eca6c0 0000000000000005
0x000000001212f860:   00000000e61cbeac 00000000577baf92
0x000000001212f870:   00000000e61da500 0000000057aa372b
0x000000001212f880:   0000000057eca6c0 000000000af95fd9
0x000000001212f890:   00000000e61cbeb0 00000000577c44c9
0x000000001212f8a0:   00000000562c6fa0 00000000577c495c
0x000000001212f8b0:   00000000e61da500 000000000af95fd9
0x000000001212f8c0:   0000000000000003 00000000578cd2e2
0x000000001212f8d0:   0000000000000000 000000000215fbb0
0x000000001212f8e0:   000000000215a200 00000000562c6fa0
0x000000001212f8f0:   0000000000000cea 0000000057aa70a0
0x000000001212f900:   0000000056a06790 000000001212fa19
0x000000001212f910:   00000000562c6fa0 0000000057d03338
0x000000001212f920:   0000000056a00100 000000001212fa19
0x000000001212f930:   0000000000000000 0000000000000004
0x000000001212f940:   00000000562c6fa0 00000000577c2fa2 

Instructions: (pc=0x00000000577b3b15)
0x00000000577b3af5:   48 89 74 24 10 57 48 83 ec 20 48 8b 41 20 4c 8b
0x00000000577b3b05:   c2 0f b6 ca 49 c1 e8 06 80 e1 3f bf 01 00 00 00
0x00000000577b3b15:   4a 8b 1c c0 4a 8d 34 c0 48 d3 e7 48 8b c3 48 0b
0x00000000577b3b25:   c7 48 3b c3 74 27 0f 1f 44 00 00 4c 8b c3 48 8b 


Register to memory mapping:

RAX=0x0000000013ea0000 is an unknown value
RBX=0x0000000057eca6c0 is an unknown value
RCX=0x0000000000000038 is an unknown value
RDX=0x0000000013bd1478 is an unknown value
RSP=0x000000001212f850 is an unknown value
RBP=0x00000000e61da4f4 is an unknown value
RSI=0x000000000af95fd9 is an unknown value
RDI=0x0000000000000001 is an unknown value
R8 =0x00000000004ef451 is an unknown value
R9 =0x000000000af95fd9 is an unknown value
R10=0x000000000000000c is an unknown value
R11=0x0000080020240801 is an unknown value
R12=0x00000000e61da4f8 is an unknown value
R13=0x00000000159a1938 is pointing into metadata
R14=0x00000000159a1940 is pointing into metadata
R15=0x00000000e61da4e8 is an oop
java.lang.String 
 - klass: 'java/lang/String'


Stack: [0x0000000012030000,0x0000000012130000],  sp=0x000000001212f850,  free space=1022k
Native frames: (J=compiled Java code, j=interpreted, Vv=VM code, C=native code)
V  [jvm.dll+0x103b15]
V  [jvm.dll+0x3f372b]
V  [jvm.dll+0x11495c]
V  [jvm.dll+0x3f70a0]
V  [jvm.dll+0x3f42b0]
V  [jvm.dll+0x3f1eee]
V  [jvm.dll+0x29c43a]
C  [msvcr100.dll+0x21d9f]
C  [msvcr100.dll+0x21e3b]
C  [kernel32.dll+0x159cd]
C  [ntdll.dll+0x2a561]


---------------  P R O C E S S  ---------------

Java Threads: ( => current thread )
  0x000000005a813800 JavaThread "Stdin handler" [_thread_blocked, id=7608, stack(0x000000005cb10000,0x000000005cc10000)]
  0x000000005a812800 JavaThread "Asynchronous log dispatcher for DefaultDaemonConnection: socket connection from /127.0.0.1:54741 to /127.0.0.1:54742" [_thread_blocked, id=5456, stack(0x000000005c8c0000,0x000000005c9c0000)]
  0x000000005a812000 JavaThread "Daemon worker" [_thread_blocked, id=2084, stack(0x000000005c740000,0x000000005c840000)]
  0x000000005a811000 JavaThread "Cancel handler" [_thread_blocked, id=6456, stack(0x000000005c570000,0x000000005c670000)]
  0x000000005a810800 JavaThread "Handler for socket connection from /127.0.0.1:54741 to /127.0.0.1:54742" [_thread_in_native, id=2712, stack(0x000000005be60000,0x000000005bf60000)]
  0x000000005a80f800 JavaThread "Daemon" [_thread_blocked, id=8064, stack(0x000000005c300000,0x000000005c400000)]
  0x000000005a80f000 JavaThread "Incoming local TCP Connector on port 54741" [_thread_in_native, id=8680, stack(0x000000005bf60000,0x000000005c060000)]
  0x000000005a80e000 JavaThread "pool-1-thread-1" [_thread_blocked, id=7208, stack(0x000000005b9a0000,0x000000005baa0000)]
  0x000000005870b800 JavaThread "Service Thread" daemon [_thread_blocked, id=7704, stack(0x0000000058d20000,0x0000000058e20000)]
  0x000000005639f000 JavaThread "C1 CompilerThread2" daemon [_thread_blocked, id=10044, stack(0x0000000058b40000,0x0000000058c40000)]
  0x000000005639e000 JavaThread "C2 CompilerThread1" daemon [_thread_blocked, id=2280, stack(0x00000000585a0000,0x00000000586a0000)]
  0x0000000056398800 JavaThread "C2 CompilerThread0" daemon [_thread_in_native, id=9124, stack(0x0000000058290000,0x0000000058390000)]
  0x0000000056392000 JavaThread "Attach Listener" daemon [_thread_blocked, id=2452, stack(0x00000000583d0000,0x00000000584d0000)]
  0x0000000056391000 JavaThread "Signal Dispatcher" daemon [_thread_blocked, id=6324, stack(0x0000000058090000,0x0000000058190000)]
  0x0000000056379000 JavaThread "Finalizer" daemon [_thread_blocked, id=7144, stack(0x0000000058190000,0x0000000058290000)]
  0x0000000056332000 JavaThread "Reference Handler" daemon [_thread_blocked, id=9540, stack(0x00000000574b0000,0x00000000575b0000)]
  0x000000000210f000 JavaThread "main" [_thread_blocked, id=7664, stack(0x0000000002380000,0x0000000002480000)]

Other Threads:
  0x000000005632a800 VMThread [stack: 0x0000000057310000,0x0000000057410000] [id=10112]
  0x0000000058723000 WatcherThread [stack: 0x0000000058ed0000,0x0000000058fd0000] [id=6592]

=>0x000000000215f800 (exited) GCTaskThread [stack: 0x0000000012030000,0x0000000012130000] [id=1516]

VM state:at safepoint (normal execution)

VM Mutex/Monitor currently owned by a thread:  ([mutex/lock_event])
[0x000000000210c3e0] Threads_lock - owner thread: 0x000000005632a800
[0x000000000210c8e0] Heap_lock - owner thread: 0x000000005a812000

Heap:
 PSYoungGen      total 106496K, used 8189K [0x00000000e0000000, 0x00000000ed000000, 0x0000000100000000)
  eden space 98304K, 0% used [0x00000000e0000000,0x00000000e0000000,0x00000000e6000000)
  from space 8192K, 99% used [0x00000000e6000000,0x00000000e67ff490,0x00000000e6800000)
  to   space 8192K, 0% used [0x00000000ec800000,0x00000000ec800000,0x00000000ed000000)
 ParOldGen       total 131072K, used 1807K [0x00000000a0000000, 0x00000000a8000000, 0x00000000e0000000)
  object space 131072K, 1% used [0x00000000a0000000,0x00000000a01c3f18,0x00000000a8000000)
 Metaspace       used 20758K, capacity 21068K, committed 21248K, reserved 1067008K
  class space    used 2846K, capacity 2961K, committed 3072K, reserved 1048576K

Card table byte_map: [0x0000000011b10000,0x0000000011e20000] byte_map_base: 0x0000000011610000

Marking Bits: (ParMarkBitMap*) 0x0000000057eca6c0
 Begin Bits: [0x00000000126a0000, 0x0000000013ea0000)
 End Bits:   [0x0000000013ea0000, 0x00000000156a0000)

Polling page: 0x0000000000230000

CodeCache: size=245760Kb used=5406Kb max_used=5406Kb free=240353Kb
 bounds [0x0000000002750000, 0x0000000002ca0000, 0x0000000011750000]
 total_blobs=2001 nmethods=1596 adapters=318
 compilation: enabled

Compilation events (10 events):
Event: 4.383 Thread 0x000000005639f000 1606       2       org.codehaus.groovy.reflection.CachedMethod$MyComparator::compare (43 bytes)
Event: 4.384 Thread 0x000000005639f000 nmethod 1606 0x0000000002c95f90 code [0x0000000002c96160, 0x0000000002c96608]
Event: 4.384 Thread 0x000000005639f000 1607       2       org.codehaus.groovy.reflection.CachedMethod::compareToMethod (125 bytes)
Event: 4.385 Thread 0x000000005639f000 nmethod 1607 0x0000000002c968d0 code [0x0000000002c96ac0, 0x0000000002c97068]
Event: 4.385 Thread 0x000000005639f000 1608       1       groovy.lang.MetaProperty::getType (5 bytes)
Event: 4.385 Thread 0x000000005639f000 nmethod 1608 0x0000000002c976d0 code [0x0000000002c97820, 0x0000000002c97930]
Event: 4.385 Thread 0x000000005639f000 1609       2       org.codehaus.groovy.util.ComplexKeyHashMap$1::next (5 bytes)
Event: 4.385 Thread 0x000000005639f000 nmethod 1609 0x0000000002c97990 code [0x0000000002c97b00, 0x0000000002c97c68]
Event: 4.386 Thread 0x000000005639f000 1610       2       java.lang.Class::privateGetPublicMethods (267 bytes)
Event: 4.387 Thread 0x000000005639f000 nmethod 1610 0x0000000002c97d10 code [0x0000000002c97fe0, 0x0000000002c98ae8]

GC Heap History (7 events):
Event: 1.665 GC heap before
{Heap before GC invocations=1 (full 0):
 PSYoungGen      total 57344K, used 49152K [0x00000000e0000000, 0x00000000e4000000, 0x0000000100000000)
  eden space 49152K, 100% used [0x00000000e0000000,0x00000000e3000000,0x00000000e3000000)
  from space 8192K, 0% used [0x00000000e3800000,0x00000000e3800000,0x00000000e4000000)
  to   space 8192K, 0% used [0x00000000e3000000,0x00000000e3000000,0x00000000e3800000)
 ParOldGen       total 131072K, used 0K [0x00000000a0000000, 0x00000000a8000000, 0x00000000e0000000)
  object space 131072K, 0% used [0x00000000a0000000,0x00000000a0000000,0x00000000a8000000)
 Metaspace       used 8816K, capacity 8998K, committed 9216K, reserved 1056768K
  class space    used 1160K, capacity 1249K, committed 1280K, reserved 1048576K
Event: 1.732 GC heap after
Heap after GC invocations=1 (full 0):
 PSYoungGen      total 57344K, used 6022K [0x00000000e0000000, 0x00000000e7000000, 0x0000000100000000)
  eden space 49152K, 0% used [0x00000000e0000000,0x00000000e0000000,0x00000000e3000000)
  from space 8192K, 73% used [0x00000000e3000000,0x00000000e35e18b0,0x00000000e3800000)
  to   space 8192K, 0% used [0x00000000e6800000,0x00000000e6800000,0x00000000e7000000)
 ParOldGen       total 131072K, used 8K [0x00000000a0000000, 0x00000000a8000000, 0x00000000e0000000)
  object space 131072K, 0% used [0x00000000a0000000,0x00000000a0002000,0x00000000a8000000)
 Metaspace       used 8816K, capacity 8998K, committed 9216K, reserved 1056768K
  class space    used 1160K, capacity 1249K, committed 1280K, reserved 1048576K
}
Event: 3.502 GC heap before
{Heap before GC invocations=2 (full 0):
 PSYoungGen      total 57344K, used 55174K [0x00000000e0000000, 0x00000000e7000000, 0x0000000100000000)
  eden space 49152K, 100% used [0x00000000e0000000,0x00000000e3000000,0x00000000e3000000)
  from space 8192K, 73% used [0x00000000e3000000,0x00000000e35e18b0,0x00000000e3800000)
  to   space 8192K, 0% used [0x00000000e6800000,0x00000000e6800000,0x00000000e7000000)
 ParOldGen       total 131072K, used 8K [0x00000000a0000000, 0x00000000a8000000, 0x00000000e0000000)
  object space 131072K, 0% used [0x00000000a0000000,0x00000000a0002000,0x00000000a8000000)
 Metaspace       used 16121K, capacity 16448K, committed 16640K, reserved 1062912K
  class space    used 2319K, capacity 2445K, committed 2560K, reserved 1048576K
Event: 3.622 GC heap after
Heap after GC invocations=2 (full 0):
 PSYoungGen      total 106496K, used 8174K [0x00000000e0000000, 0x00000000e7000000, 0x0000000100000000)
  eden space 98304K, 0% used [0x00000000e0000000,0x00000000e0000000,0x00000000e6000000)
  from space 8192K, 99% used [0x00000000e6800000,0x00000000e6ffba70,0x00000000e7000000)
  to   space 8192K, 0% used [0x00000000e6000000,0x00000000e6000000,0x00000000e6800000)
 ParOldGen       total 131072K, used 543K [0x00000000a0000000, 0x00000000a8000000, 0x00000000e0000000)
  object space 131072K, 0% used [0x00000000a0000000,0x00000000a0087cd8,0x00000000a8000000)
 Metaspace       used 16121K, capacity 16448K, committed 16640K, reserved 1062912K
  class space    used 2319K, capacity 2445K, committed 2560K, reserved 1048576K
}
Event: 4.399 GC heap before
{Heap before GC invocations=3 (full 0):
 PSYoungGen      total 106496K, used 34470K [0x00000000e0000000, 0x00000000e7000000, 0x0000000100000000)
  eden space 98304K, 26% used [0x00000000e0000000,0x00000000e19ae180,0x00000000e6000000)
  from space 8192K, 99% used [0x00000000e6800000,0x00000000e6ffba70,0x00000000e7000000)
  to   space 8192K, 0% used [0x00000000e6000000,0x00000000e6000000,0x00000000e6800000)
 ParOldGen       total 131072K, used 543K [0x00000000a0000000, 0x00000000a8000000, 0x00000000e0000000)
  object space 131072K, 0% used [0x00000000a0000000,0x00000000a0087cd8,0x00000000a8000000)
 Metaspace       used 20758K, capacity 21068K, committed 21248K, reserved 1067008K
  class space    used 2846K, capacity 2961K, committed 3072K, reserved 1048576K
Event: 4.513 GC heap after
Heap after GC invocations=3 (full 0):
 PSYoungGen      total 106496K, used 8189K [0x00000000e0000000, 0x00000000ed000000, 0x0000000100000000)
  eden space 98304K, 0% used [0x00000000e0000000,0x00000000e0000000,0x00000000e6000000)
  from space 8192K, 99% used [0x00000000e6000000,0x00000000e67ff490,0x00000000e6800000)
  to   space 8192K, 0% used [0x00000000ec800000,0x00000000ec800000,0x00000000ed000000)
 ParOldGen       total 131072K, used 1807K [0x00000000a0000000, 0x00000000a8000000, 0x00000000e0000000)
  object space 131072K, 1% used [0x00000000a0000000,0x00000000a01c3f18,0x00000000a8000000)
 Metaspace       used 20758K, capacity 21068K, committed 21248K, reserved 1067008K
  class space    used 2846K, capacity 2961K, committed 3072K, reserved 1048576K
}
Event: 4.513 GC heap before
{Heap before GC invocations=4 (full 1):
 PSYoungGen      total 106496K, used 8189K [0x00000000e0000000, 0x00000000ed000000, 0x0000000100000000)
  eden space 98304K, 0% used [0x00000000e0000000,0x00000000e0000000,0x00000000e6000000)
  from space 8192K, 99% used [0x00000000e6000000,0x00000000e67ff490,0x00000000e6800000)
  to   space 8192K, 0% used [0x00000000ec800000,0x00000000ec800000,0x00000000ed000000)
 ParOldGen       total 131072K, used 1807K [0x00000000a0000000, 0x00000000a8000000, 0x00000000e0000000)
  object space 131072K, 1% used [0x00000000a0000000,0x00000000a01c3f18,0x00000000a8000000)
 Metaspace       used 20758K, capacity 21068K, committed 21248K, reserved 1067008K
  class space    used 2846K, capacity 2961K, committed 3072K, reserved 1048576K

Deoptimization events (10 events):
Event: 3.953 Thread 0x000000005a812000 Uncommon trap: reason=bimorphic action=maybe_recompile pc=0x0000000002ba2b60 method=java.lang.ClassLoader.loadClass(Ljava/lang/String;Z)Ljava/lang/Class; @ 38
Event: 3.953 Thread 0x000000005a812000 Uncommon trap: reason=bimorphic action=maybe_recompile pc=0x0000000002ba2b60 method=java.lang.ClassLoader.loadClass(Ljava/lang/String;Z)Ljava/lang/Class; @ 38
Event: 3.954 Thread 0x000000005a812000 Uncommon trap: reason=unstable_if action=reinterpret pc=0x0000000002a47064 method=java.io.WinNTFileSystem.normalize(Ljava/lang/String;II)Ljava/lang/String; @ 90
Event: 3.954 Thread 0x000000005a812000 Uncommon trap: reason=class_check action=maybe_recompile pc=0x000000000290c65c method=sun.misc.URLClassPath.getLoader(I)Lsun/misc/URLClassPath$Loader; @ 94
Event: 3.954 Thread 0x000000005a812000 Uncommon trap: reason=class_check action=maybe_recompile pc=0x00000000029e85dc method=sun.misc.URLClassPath.getResource(Ljava/lang/String;Z)Lsun/misc/Resource; @ 62
Event: 4.009 Thread 0x000000005a812000 Uncommon trap: reason=bimorphic action=maybe_recompile pc=0x0000000002ba2b60 method=java.lang.ClassLoader.loadClass(Ljava/lang/String;Z)Ljava/lang/Class; @ 38
Event: 4.010 Thread 0x000000005a812000 Uncommon trap: reason=bimorphic action=maybe_recompile pc=0x0000000002ba2b60 method=java.lang.ClassLoader.loadClass(Ljava/lang/String;Z)Ljava/lang/Class; @ 38
Event: 4.310 Thread 0x000000005a812000 Uncommon trap: reason=class_check action=maybe_recompile pc=0x000000000290c754 method=sun.misc.URLClassPath.getLoader(I)Lsun/misc/URLClassPath$Loader; @ 193
Event: 4.331 Thread 0x000000005a812000 Uncommon trap: reason=class_check action=maybe_recompile pc=0x000000000290c754 method=sun.misc.URLClassPath.getLoader(I)Lsun/misc/URLClassPath$Loader; @ 193
Event: 4.360 Thread 0x000000005a812000 Uncommon trap: reason=class_check action=maybe_recompile pc=0x000000000290c754 method=sun.misc.URLClassPath.getLoader(I)Lsun/misc/URLClassPath$Loader; @ 193

Internal exceptions (10 events):
Event: 4.316 Thread 0x000000005a812000 Exception <a 'java/lang/ClassNotFoundException': org/gradle/groovy/scripts/BasicScriptCustomizer> (0x00000000e13f5540) thrown at [C:\re\workspace\8-2-build-windows-amd64-cygwin\jdk8u111\7883\hotspot\src\share\vm\classfile\systemDictionary.cpp, line 210]
Event: 4.317 Thread 0x000000005a812000 Exception <a 'java/lang/ClassNotFoundException': org/gradle/groovy/scripts/DefaultScriptCustomizer> (0x00000000e1411c10) thrown at [C:\re\workspace\8-2-build-windows-amd64-cygwin\jdk8u111\7883\hotspot\src\share\vm\classfile\systemDictionary.cpp, line 210]
Event: 4.328 Thread 0x000000005a812000 Exception <a 'java/lang/ClassNotFoundException': org/gradle/initialization/InitScriptCustomizer> (0x00000000e1459000) thrown at [C:\re\workspace\8-2-build-windows-amd64-cygwin\jdk8u111\7883\hotspot\src\share\vm\classfile\systemDictionary.cpp, line 210]
Event: 4.332 Thread 0x000000005a812000 Exception <a 'java/lang/ClassNotFoundException': asLocalRepo5368_3upascqq72yiygl7b6j59ouxnCustomizer> (0x00000000e146cd20) thrown at [C:\re\workspace\8-2-build-windows-amd64-cygwin\jdk8u111\7883\hotspot\src\share\vm\classfile\systemDictionary.cpp, line 21
Event: 4.352 Thread 0x000000005a812000 Exception <a 'java/lang/ClassNotFoundException': org/gradle/api/internal/plugins/DefaultExtraPropertiesExtensionBeanInfo> (0x00000000e151add8) thrown at [C:\re\workspace\8-2-build-windows-amd64-cygwin\jdk8u111\7883\hotspot\src\share\vm\classfile\systemDic
Event: 4.352 Thread 0x000000005a812000 Exception <a 'java/lang/ClassNotFoundException': org/gradle/api/internal/plugins/DefaultExtraPropertiesExtensionCustomizer> (0x00000000e152f208) thrown at [C:\re\workspace\8-2-build-windows-amd64-cygwin\jdk8u111\7883\hotspot\src\share\vm\classfile\systemD
Event: 4.363 Thread 0x000000005a812000 Exception <a 'java/lang/ClassNotFoundException': groovy/lang/Closure$1BeanInfo> (0x00000000e15c9e18) thrown at [C:\re\workspace\8-2-build-windows-amd64-cygwin\jdk8u111\7883\hotspot\src\share\vm\classfile\systemDictionary.cpp, line 210]
Event: 4.364 Thread 0x000000005a812000 Exception <a 'java/lang/ClassNotFoundException': groovy/lang/ClosureBeanInfo> (0x00000000e15df250) thrown at [C:\re\workspace\8-2-build-windows-amd64-cygwin\jdk8u111\7883\hotspot\src\share\vm\classfile\systemDictionary.cpp, line 210]
Event: 4.364 Thread 0x000000005a812000 Exception <a 'java/lang/ClassNotFoundException': groovy/lang/ClosureCustomizer> (0x00000000e15f4f88) thrown at [C:\re\workspace\8-2-build-windows-amd64-cygwin\jdk8u111\7883\hotspot\src\share\vm\classfile\systemDictionary.cpp, line 210]
Event: 4.376 Thread 0x000000005a812000 Exception <a 'java/lang/ClassNotFoundException': groovy/lang/Closure$1Customizer> (0x00000000e1633ca8) thrown at [C:\re\workspace\8-2-build-windows-amd64-cygwin\jdk8u111\7883\hotspot\src\share\vm\classfile\systemDictionary.cpp, line 210]

Events (10 events):
Event: 4.381 loading class org/codehaus/groovy/runtime/metaclass/ClosureMetaClass done
Event: 4.382 loading class org/codehaus/groovy/runtime/metaclass/ClosureMetaClass$1
Event: 4.382 loading class org/codehaus/groovy/runtime/metaclass/ClosureMetaClass$1 done
Event: 4.382 loading class org/codehaus/groovy/runtime/metaclass/ClosureMetaClass$MethodChooser
Event: 4.382 loading class org/codehaus/groovy/runtime/metaclass/ClosureMetaClass$MethodChooser done
Event: 4.387 loading class org/codehaus/groovy/runtime/metaclass/ClosureMetaClass$StandardClosureChooser
Event: 4.387 loading class org/codehaus/groovy/runtime/metaclass/ClosureMetaClass$StandardClosureChooser done
Event: 4.388 loading class org/codehaus/groovy/runtime/ArrayUtil
Event: 4.388 loading class org/codehaus/groovy/runtime/ArrayUtil done
Event: 4.399 Executing VM operation: CollectForMetadataAllocation


Dynamic libraries:
0x000000013faf0000 - 0x000000013fb27000 	C:\Program Files\Java\jdk1.8.0_111\bin\java.exe
0x0000000077c30000 - 0x0000000077dda000 	C:\Windows\SYSTEM32\ntdll.dll
0x0000000077a10000 - 0x0000000077b2f000 	C:\Windows\system32\kernel32.dll
0x000007fefdc10000 - 0x000007fefdc7a000 	C:\Windows\system32\KERNELBASE.dll
0x000007feffb20000 - 0x000007feffbfb000 	C:\Windows\system32\ADVAPI32.dll
0x000007feff280000 - 0x000007feff31f000 	C:\Windows\system32\msvcrt.dll
0x000007fefe300000 - 0x000007fefe31f000 	C:\Windows\SYSTEM32\sechost.dll
0x000007feff0b0000 - 0x000007feff1dd000 	C:\Windows\system32\RPCRT4.dll
0x0000000077b30000 - 0x0000000077c2a000 	C:\Windows\system32\USER32.dll
0x000007fefe260000 - 0x000007fefe2c7000 	C:\Windows\system32\GDI32.dll
0x000007fefe200000 - 0x000007fefe20e000 	C:\Windows\system32\LPK.dll
0x000007feffd90000 - 0x000007feffe5b000 	C:\Windows\system32\USP10.dll
0x000007fefc1d0000 - 0x000007fefc3c4000 	C:\Windows\WinSxS\amd64_microsoft.windows.common-controls_6595b64144ccf1df_6.0.7601.18837_none_fa3b1e3d17594757\COMCTL32.dll
0x000007feffa00000 - 0x000007feffa71000 	C:\Windows\system32\SHLWAPI.dll
0x000007fefe2d0000 - 0x000007fefe2fe000 	C:\Windows\system32\IMM32.DLL
0x000007feffc80000 - 0x000007feffd89000 	C:\Windows\system32\MSCTF.dll
0x0000000057f50000 - 0x0000000058022000 	C:\Program Files\Java\jdk1.8.0_111\jre\bin\msvcr100.dll
0x00000000576b0000 - 0x0000000057f4a000 	C:\Program Files\Java\jdk1.8.0_111\jre\bin\server\jvm.dll
0x000007fef4c10000 - 0x000007fef4c19000 	C:\Windows\system32\WSOCK32.dll
0x000007fefe210000 - 0x000007fefe25d000 	C:\Windows\system32\WS2_32.dll
0x000007fefdfb0000 - 0x000007fefdfb8000 	C:\Windows\system32\NSI.dll
0x000007fef90f0000 - 0x000007fef912b000 	C:\Windows\system32\WINMM.dll
0x000007fefc9b0000 - 0x000007fefc9bc000 	C:\Windows\system32\VERSION.dll
0x0000000077e00000 - 0x0000000077e07000 	C:\Windows\system32\PSAPI.DLL
0x000000005e120000 - 0x000000005e12f000 	C:\Program Files\Java\jdk1.8.0_111\jre\bin\verify.dll
0x000000005d6f0000 - 0x000000005d719000 	C:\Program Files\Java\jdk1.8.0_111\jre\bin\java.dll
0x000000005e100000 - 0x000000005e116000 	C:\Program Files\Java\jdk1.8.0_111\jre\bin\zip.dll
0x000007fefe320000 - 0x000007feff0aa000 	C:\Windows\system32\SHELL32.dll
0x000007feff320000 - 0x000007feff51c000 	C:\Windows\system32\ole32.dll
0x000007fefd930000 - 0x000007fefd93f000 	C:\Windows\system32\profapi.dll
0x000000005d6d0000 - 0x000000005d6ea000 	C:\Program Files\Java\jdk1.8.0_111\jre\bin\net.dll
0x000007fefd1f0000 - 0x000007fefd245000 	C:\Windows\system32\mswsock.dll
0x000007fefd1e0000 - 0x000007fefd1e7000 	C:\Windows\System32\wship6.dll
0x000000005d6b0000 - 0x000000005d6c1000 	C:\Program Files\Java\jdk1.8.0_111\jre\bin\nio.dll
0x000007fee6cc0000 - 0x000007fee6cde000 	C:\Users\Justin\.gradle\native\23\windows-amd64\native-platform.dll
0x000007fefd340000 - 0x000007fefd358000 	C:\Windows\system32\CRYPTSP.dll
0x000007fefccf0000 - 0x000007fefcd37000 	C:\Windows\system32\rsaenh.dll
0x000007fefdb30000 - 0x000007fefdb4e000 	C:\Windows\system32\USERENV.dll
0x000007fefd7c0000 - 0x000007fefd7cf000 	C:\Windows\system32\CRYPTBASE.dll
0x000007fefa120000 - 0x000007fefa147000 	C:\Windows\system32\IPHLPAPI.DLL
0x000007fefa110000 - 0x000007fefa11b000 	C:\Windows\system32\WINNSI.DLL
0x000007fef9cc0000 - 0x000007fef9cd1000 	C:\Windows\system32\dhcpcsvc6.DLL
0x000007fef9ca0000 - 0x000007fef9cb8000 	C:\Windows\system32\dhcpcsvc.DLL
0x000000006ab80000 - 0x000000006ab8d000 	C:\Program Files\Java\jdk1.8.0_111\jre\bin\management.dll
0x000007feef530000 - 0x000007feef655000 	C:\Windows\system32\dbghelp.dll

VM Arguments:
jvm_args: -Xmx1536m -Dfile.encoding=windows-1252 -Duser.country=US -Duser.language=en -Duser.variant 
java_command: org.gradle.launcher.daemon.bootstrap.GradleDaemon 3.3
java_class_path (initial): C:\Users\Justin\.gradle\wrapper\dists\gradle-3.3-all\55gk2rcmfc6p2dg9u9ohc3hw9\gradle-3.3\lib\gradle-launcher-3.3.jar
Launcher Type: SUN_STANDARD

Environment Variables:
JAVA_HOME=C:\Program Files\Java\jdk1.8.0_111
PATH=C:\Python27\;C:\Python27\Scripts;C:\ProgramData\Oracle\Java\javapath;C:\Program Files (x86)\NVIDIA Corporation\PhysX\Common;C:\Program Files\Common Files\Microsoft Shared\Windows Live;C:\Program Files (x86)\Common Files\Microsoft Shared\Windows Live;C:\Program Files (x86)\AMD APP\bin\x86_64;C:\Program Files (x86)\AMD APP\bin\x86;C:\Windows\system32;C:\Windows;C:\Windows\System32\Wbem;C:\Windows\System32\WindowsPowerShell\v1.0\;C:\Program Files (x86)\ATI Technologies\ATI.ACE\Core-Static;C:\Program Files (x86)\AMD\ATI.ACE\Core-Static;C:\Program Files (x86)\Windows Live\Shared;C:\Program Files\Microsoft SQL Server\110\Tools\Binn\;C:\Users\Justin\AppData\Local\Google\Cloud SDK\google-cloud-sdk\platform\google_appengine
USERNAME=Justin
OS=Windows_NT
PROCESSOR_IDENTIFIER=AMD64 Family 16 Model 4 Stepping 3, AuthenticAMD



---------------  S Y S T E M  ---------------

OS: Windows 7 , 64 bit Build 7601 (6.1.7601.23915)

CPU:total 4 (4 cores per cpu, 1 threads per core) family 16 model 4 stepping 3, cmov, cx8, fxsr, mmx, sse, sse2, sse3, popcnt, mmxext, 3dnowpref, lzcnt, sse4a, tsc, tscinvbit, tscinv

Memory: 4k page, physical 12581048k(2217480k free), swap 25160236k(12707236k free)

vm_info: Java HotSpot(TM) 64-Bit Server VM (25.111-b14) for windows-amd64 JRE (1.8.0_111-b14), built on Sep 22 2016 19:24:05 by "java_re" with MS VC++ 10.0 (VS2010)

time: Fri Dec 01 13:18:21 2017
elapsed time: 4 seconds (0d 0h 0m 4s)

